[2024-07-03 09:13:11.567] [INFO ] [main] com.springboot.api.ApiApplication Starting ApiApplication using Java 21.0.3 on core_asus with PID 16400 (C:\Users\Administrator\IdeaProjects\book\springboot\chapter5_api\target\classes started by Administrator in C:\Users\Administrator\IdeaProjects\book\springboot)
[2024-07-03 09:13:11.570] [INFO ] [main] com.springboot.api.ApiApplication No active profile set, falling back to default profiles: default
[2024-07-03 09:13:12.906] [INFO ] [main] org.springframework.boot.web.embedded.tomcat.TomcatWebServer Tomcat initialized with port(s): 8080 (http)
[2024-07-03 09:13:13.002] [INFO ] [main] org.springframework.boot.web.servlet.context.ServletWebServerApplicationContext Root WebApplicationContext: initialization completed in 1364 ms
[2024-07-03 09:13:13.505] [INFO ] [main] springfox.documentation.spring.web.PropertySourcedRequestMappingHandlerMapping Mapped URL path [/v2/api-docs] onto method [springfox.documentation.swagger2.web.Swagger2Controller#getDocumentation(String, HttpServletRequest)]
[2024-07-03 09:13:13.762] [INFO ] [main] org.springframework.boot.web.embedded.tomcat.TomcatWebServer Tomcat started on port(s): 8080 (http) with context path ''
[2024-07-03 09:13:13.763] [INFO ] [main] springfox.documentation.spring.web.plugins.DocumentationPluginsBootstrapper Context refreshed
[2024-07-03 09:13:13.784] [INFO ] [main] springfox.documentation.spring.web.plugins.DocumentationPluginsBootstrapper Found 1 custom documentation plugin(s)
[2024-07-03 09:13:13.824] [INFO ] [main] springfox.documentation.spring.web.scanners.ApiListingReferenceScanner Scanning for api listing references
[2024-07-03 09:13:14.029] [INFO ] [main] com.springboot.api.ApiApplication Started ApiApplication in 3.073 seconds (JVM running for 3.597)
[2024-07-03 09:43:13.870] [INFO ] [main] com.springboot.api.ApiApplication Starting ApiApplication using Java 11.0.23 on core_asus with PID 4200 (C:\Users\Administrator\IdeaProjects\book\springboot\chapter5_api\target\classes started by Administrator in C:\Users\Administrator\IdeaProjects\book\springboot)
[2024-07-03 09:43:13.874] [INFO ] [main] com.springboot.api.ApiApplication No active profile set, falling back to default profiles: default
[2024-07-03 09:43:15.124] [INFO ] [main] org.springframework.boot.web.embedded.tomcat.TomcatWebServer Tomcat initialized with port(s): 8080 (http)
[2024-07-03 09:43:15.134] [INFO ] [main] org.apache.coyote.http11.Http11NioProtocol Initializing ProtocolHandler ["http-nio-8080"]
[2024-07-03 09:43:15.135] [INFO ] [main] org.apache.catalina.core.StandardService Starting service [Tomcat]
[2024-07-03 09:43:15.136] [INFO ] [main] org.apache.catalina.core.StandardEngine Starting Servlet engine: [Apache Tomcat/9.0.54]
[2024-07-03 09:43:15.239] [INFO ] [main] org.apache.catalina.core.ContainerBase.[Tomcat].[localhost].[/] Initializing Spring embedded WebApplicationContext
[2024-07-03 09:43:15.240] [INFO ] [main] org.springframework.boot.web.servlet.context.ServletWebServerApplicationContext Root WebApplicationContext: initialization completed in 1315 ms
[2024-07-03 09:43:15.576] [INFO ] [main] com.springboot.api.ApiApplication Starting ApiApplication using Java 11.0.23 on core_asus with PID 10384 (C:\Users\Administrator\IdeaProjects\book\springboot\chapter5_api\target\classes started by Administrator in C:\Users\Administrator\IdeaProjects\book\springboot)
[2024-07-03 09:43:15.582] [INFO ] [main] com.springboot.api.ApiApplication No active profile set, falling back to default profiles: default
[2024-07-03 09:43:16.080] [INFO ] [main] springfox.documentation.spring.web.PropertySourcedRequestMappingHandlerMapping Mapped URL path [/v2/api-docs] onto method [springfox.documentation.swagger2.web.Swagger2Controller#getDocumentation(String, HttpServletRequest)]
[2024-07-03 09:43:16.384] [INFO ] [main] org.apache.coyote.http11.Http11NioProtocol Starting ProtocolHandler ["http-nio-8080"]
[2024-07-03 09:43:16.403] [INFO ] [main] org.springframework.boot.web.embedded.tomcat.TomcatWebServer Tomcat started on port(s): 8080 (http) with context path ''
[2024-07-03 09:43:16.404] [INFO ] [main] springfox.documentation.spring.web.plugins.DocumentationPluginsBootstrapper Context refreshed
[2024-07-03 09:43:16.422] [INFO ] [main] springfox.documentation.spring.web.plugins.DocumentationPluginsBootstrapper Found 1 custom documentation plugin(s)
[2024-07-03 09:43:16.454] [INFO ] [main] springfox.documentation.spring.web.scanners.ApiListingReferenceScanner Scanning for api listing references
[2024-07-03 09:43:16.652] [INFO ] [main] com.springboot.api.ApiApplication Started ApiApplication in 3.306 seconds (JVM running for 4.732)
[2024-07-03 09:43:16.857] [INFO ] [main] org.springframework.boot.web.embedded.tomcat.TomcatWebServer Tomcat initialized with port(s): 8080 (http)
[2024-07-03 09:43:16.865] [INFO ] [main] org.apache.coyote.http11.Http11NioProtocol Initializing ProtocolHandler ["http-nio-8080"]
[2024-07-03 09:43:16.865] [INFO ] [main] org.apache.catalina.core.StandardService Starting service [Tomcat]
[2024-07-03 09:43:16.866] [INFO ] [main] org.apache.catalina.core.StandardEngine Starting Servlet engine: [Apache Tomcat/9.0.54]
[2024-07-03 09:43:16.925] [INFO ] [main] org.apache.catalina.core.ContainerBase.[Tomcat].[localhost].[/] Initializing Spring embedded WebApplicationContext
[2024-07-03 09:43:16.926] [INFO ] [main] org.springframework.boot.web.servlet.context.ServletWebServerApplicationContext Root WebApplicationContext: initialization completed in 1227 ms
[2024-07-03 09:43:17.306] [INFO ] [main] springfox.documentation.spring.web.PropertySourcedRequestMappingHandlerMapping Mapped URL path [/v2/api-docs] onto method [springfox.documentation.swagger2.web.Swagger2Controller#getDocumentation(String, HttpServletRequest)]
[2024-07-03 09:43:17.616] [INFO ] [main] org.apache.coyote.http11.Http11NioProtocol Starting ProtocolHandler ["http-nio-8080"]
[2024-07-03 09:43:17.623] [WARN ] [main] org.springframework.boot.web.servlet.context.AnnotationConfigServletWebServerApplicationContext Exception encountered during context initialization - cancelling refresh attempt: org.springframework.context.ApplicationContextException: Failed to start bean 'webServerStartStop'; nested exception is org.springframework.boot.web.server.PortInUseException: Port 8080 is already in use
[2024-07-03 09:43:17.631] [INFO ] [main] org.apache.coyote.http11.Http11NioProtocol Pausing ProtocolHandler ["http-nio-8080"]
[2024-07-03 09:43:17.632] [INFO ] [main] org.apache.catalina.core.StandardService Stopping service [Tomcat]
[2024-07-03 09:43:17.642] [INFO ] [main] org.apache.coyote.http11.Http11NioProtocol Stopping ProtocolHandler ["http-nio-8080"]
[2024-07-03 09:43:17.644] [INFO ] [main] org.apache.coyote.http11.Http11NioProtocol Destroying ProtocolHandler ["http-nio-8080"]
[2024-07-03 09:43:17.656] [INFO ] [main] org.springframework.boot.autoconfigure.logging.ConditionEvaluationReportLoggingListener 

Error starting ApplicationContext. To display the conditions report re-run your application with 'debug' enabled.
[2024-07-03 09:43:17.690] [ERROR] [main] org.springframework.boot.diagnostics.LoggingFailureAnalysisReporter 

***************************
APPLICATION FAILED TO START
***************************

Description:

Web server failed to start. Port 8080 was already in use.

Action:

Identify and stop the process that's listening on port 8080 or configure this application to listen on another port.

